{"/Users/alessionovel/Desktop/Progetto/github/Web-API/backend/app.js": {"path":"/Users/alessionovel/Desktop/Progetto/github/Web-API/backend/app.js","statementMap":{"0":{"start":{"line":2,"column":0},"end":{"line":4,"column":1}},"1":{"start":{"line":3,"column":4},"end":{"line":3,"column":31}},"2":{"start":{"line":6,"column":16},"end":{"line":6,"column":34}},"3":{"start":{"line":7,"column":12},"end":{"line":7,"column":21}},"4":{"start":{"line":8,"column":18},"end":{"line":8,"column":47}},"5":{"start":{"line":9,"column":24},"end":{"line":9,"column":49}},"6":{"start":{"line":11,"column":0},"end":{"line":11,"column":48}},"7":{"start":{"line":12,"column":0},"end":{"line":12,"column":39}},"8":{"start":{"line":17,"column":0},"end":{"line":17,"column":72}},"9":{"start":{"line":19,"column":15},"end":{"line":19,"column":39}},"10":{"start":{"line":20,"column":16},"end":{"line":20,"column":45}},"11":{"start":{"line":21,"column":16},"end":{"line":21,"column":42}},"12":{"start":{"line":22,"column":16},"end":{"line":22,"column":44}},"13":{"start":{"line":23,"column":16},"end":{"line":23,"column":44}},"14":{"start":{"line":24,"column":0},"end":{"line":24,"column":24}},"15":{"start":{"line":25,"column":0},"end":{"line":25,"column":21}},"16":{"start":{"line":26,"column":0},"end":{"line":26,"column":22}},"17":{"start":{"line":27,"column":0},"end":{"line":27,"column":22}},"18":{"start":{"line":28,"column":0},"end":{"line":28,"column":22}},"19":{"start":{"line":29,"column":0},"end":{"line":29,"column":22}},"20":{"start":{"line":31,"column":0},"end":{"line":31,"column":36}},"21":{"start":{"line":33,"column":0},"end":{"line":36,"column":3}},"22":{"start":{"line":34,"column":4},"end":{"line":34,"column":20}},"23":{"start":{"line":35,"column":4},"end":{"line":35,"column":37}},"24":{"start":{"line":38,"column":0},"end":{"line":38,"column":21}}},"fnMap":{"0":{"name":"(anonymous_0)","decl":{"start":{"line":33,"column":8},"end":{"line":33,"column":9}},"loc":{"start":{"line":33,"column":22},"end":{"line":36,"column":1}},"line":33}},"branchMap":{"0":{"loc":{"start":{"line":2,"column":0},"end":{"line":4,"column":1}},"type":"if","locations":[{"start":{"line":2,"column":0},"end":{"line":4,"column":1}},{"start":{},"end":{}}],"line":2}},"s":{"0":2,"1":2,"2":2,"3":2,"4":2,"5":2,"6":2,"7":2,"8":2,"9":2,"10":2,"11":2,"12":2,"13":2,"14":2,"15":2,"16":2,"17":2,"18":2,"19":2,"20":2,"21":2,"22":0,"23":0,"24":2},"f":{"0":0},"b":{"0":[2,0]},"_coverageSchema":"1a1c01bbd47fc00a2c39e90264f33305004495a9","hash":"139ab271168cffbec636a8efd97459f6f8d32b40"}
,"/Users/alessionovel/Desktop/Progetto/github/Web-API/backend/utils.js": {"path":"/Users/alessionovel/Desktop/Progetto/github/Web-API/backend/utils.js","statementMap":{"0":{"start":{"line":1,"column":12},"end":{"line":1,"column":35}},"1":{"start":{"line":6,"column":4},"end":{"line":6,"column":159}},"2":{"start":{"line":7,"column":2},"end":{"line":7,"column":23}},"3":{"start":{"line":10,"column":21},"end":{"line":36,"column":1}},"4":{"start":{"line":13,"column":4},"end":{"line":13,"column":70}},"5":{"start":{"line":16,"column":2},"end":{"line":21,"column":3}},"6":{"start":{"line":17,"column":4},"end":{"line":20,"column":7}},"7":{"start":{"line":24,"column":2},"end":{"line":35,"column":5}},"8":{"start":{"line":25,"column":4},"end":{"line":34,"column":5}},"9":{"start":{"line":26,"column":6},"end":{"line":29,"column":9}},"10":{"start":{"line":32,"column":6},"end":{"line":32,"column":31}},"11":{"start":{"line":33,"column":6},"end":{"line":33,"column":13}},"12":{"start":{"line":38,"column":0},"end":{"line":41,"column":2}}},"fnMap":{"0":{"name":"checkIfEmailInString","decl":{"start":{"line":3,"column":9},"end":{"line":3,"column":29}},"loc":{"start":{"line":3,"column":36},"end":{"line":8,"column":1}},"line":3},"1":{"name":"(anonymous_1)","decl":{"start":{"line":10,"column":21},"end":{"line":10,"column":22}},"loc":{"start":{"line":10,"column":47},"end":{"line":36,"column":1}},"line":10},"2":{"name":"(anonymous_2)","decl":{"start":{"line":24,"column":46},"end":{"line":24,"column":47}},"loc":{"start":{"line":24,"column":70},"end":{"line":35,"column":3}},"line":24}},"branchMap":{"0":{"loc":{"start":{"line":13,"column":4},"end":{"line":13,"column":70}},"type":"binary-expr","locations":[{"start":{"line":13,"column":4},"end":{"line":13,"column":18}},{"start":{"line":13,"column":22},"end":{"line":13,"column":37}},{"start":{"line":13,"column":41},"end":{"line":13,"column":70}}],"line":13},"1":{"loc":{"start":{"line":16,"column":2},"end":{"line":21,"column":3}},"type":"if","locations":[{"start":{"line":16,"column":2},"end":{"line":21,"column":3}},{"start":{},"end":{}}],"line":16},"2":{"loc":{"start":{"line":25,"column":4},"end":{"line":34,"column":5}},"type":"if","locations":[{"start":{"line":25,"column":4},"end":{"line":34,"column":5}},{"start":{"line":30,"column":11},"end":{"line":34,"column":5}}],"line":25}},"s":{"0":3,"1":3,"2":3,"3":3,"4":0,"5":0,"6":0,"7":0,"8":0,"9":0,"10":0,"11":0,"12":3},"f":{"0":3,"1":0,"2":0},"b":{"0":[0,0,0],"1":[0,0],"2":[0,0]},"_coverageSchema":"1a1c01bbd47fc00a2c39e90264f33305004495a9","hash":"65534154fe48bde8eb07b5ffdb303abe5cfe9d41"}
,"/Users/alessionovel/Desktop/Progetto/github/Web-API/backend/controllers/acquisto.js": {"path":"/Users/alessionovel/Desktop/Progetto/github/Web-API/backend/controllers/acquisto.js","statementMap":{"0":{"start":{"line":1,"column":30},"end":{"line":1,"column":49}},"1":{"start":{"line":2,"column":17},"end":{"line":2,"column":46}},"2":{"start":{"line":3,"column":13},"end":{"line":3,"column":38}},"3":{"start":{"line":4,"column":15},"end":{"line":4,"column":42}},"4":{"start":{"line":6,"column":23},"end":{"line":24,"column":1}},"5":{"start":{"line":7,"column":2},"end":{"line":23,"column":3}},"6":{"start":{"line":8,"column":4},"end":{"line":8,"column":30}},"7":{"start":{"line":9,"column":4},"end":{"line":15,"column":7}},"8":{"start":{"line":10,"column":6},"end":{"line":14,"column":35}},"9":{"start":{"line":11,"column":8},"end":{"line":13,"column":11}},"10":{"start":{"line":14,"column":13},"end":{"line":14,"column":35}},"11":{"start":{"line":17,"column":4},"end":{"line":22,"column":7}},"12":{"start":{"line":18,"column":6},"end":{"line":20,"column":7}},"13":{"start":{"line":19,"column":8},"end":{"line":19,"column":40}},"14":{"start":{"line":21,"column":6},"end":{"line":21,"column":28}},"15":{"start":{"line":25,"column":20},"end":{"line":107,"column":1}},"16":{"start":{"line":26,"column":2},"end":{"line":26,"column":22}},"17":{"start":{"line":27,"column":2},"end":{"line":106,"column":3}},"18":{"start":{"line":36,"column":4},"end":{"line":103,"column":7}},"19":{"start":{"line":53,"column":6},"end":{"line":53,"column":25}},"20":{"start":{"line":54,"column":6},"end":{"line":63,"column":7}},"21":{"start":{"line":54,"column":19},"end":{"line":54,"column":20}},"22":{"start":{"line":55,"column":19},"end":{"line":55,"column":26}},"23":{"start":{"line":56,"column":8},"end":{"line":62,"column":9}},"24":{"start":{"line":61,"column":10},"end":{"line":61,"column":30}},"25":{"start":{"line":64,"column":6},"end":{"line":102,"column":7}},"26":{"start":{"line":65,"column":8},"end":{"line":99,"column":11}},"27":{"start":{"line":66,"column":10},"end":{"line":98,"column":11}},"28":{"start":{"line":68,"column":32},"end":{"line":76,"column":14}},"29":{"start":{"line":78,"column":12},"end":{"line":93,"column":15}},"30":{"start":{"line":79,"column":14},"end":{"line":92,"column":15}},"31":{"start":{"line":80,"column":16},"end":{"line":80,"column":48}},"32":{"start":{"line":82,"column":16},"end":{"line":91,"column":18}},"33":{"start":{"line":87,"column":20},"end":{"line":87,"column":66}},"34":{"start":{"line":87,"column":29},"end":{"line":87,"column":66}},"35":{"start":{"line":89,"column":20},"end":{"line":89,"column":42}},"36":{"start":{"line":95,"column":12},"end":{"line":96,"column":80}},"37":{"start":{"line":96,"column":14},"end":{"line":96,"column":80}},"38":{"start":{"line":97,"column":12},"end":{"line":97,"column":68}},"39":{"start":{"line":101,"column":8},"end":{"line":101,"column":65}},"40":{"start":{"line":105,"column":4},"end":{"line":105,"column":61}},"41":{"start":{"line":108,"column":23},"end":{"line":116,"column":1}},"42":{"start":{"line":109,"column":2},"end":{"line":109,"column":30}},"43":{"start":{"line":111,"column":2},"end":{"line":115,"column":5}},"44":{"start":{"line":112,"column":4},"end":{"line":114,"column":33}},"45":{"start":{"line":113,"column":6},"end":{"line":113,"column":62}},"46":{"start":{"line":114,"column":11},"end":{"line":114,"column":33}},"47":{"start":{"line":118,"column":23},"end":{"line":146,"column":1}},"48":{"start":{"line":119,"column":2},"end":{"line":119,"column":24}},"49":{"start":{"line":120,"column":2},"end":{"line":120,"column":22}},"50":{"start":{"line":121,"column":2},"end":{"line":145,"column":3}},"51":{"start":{"line":122,"column":4},"end":{"line":122,"column":27}},"52":{"start":{"line":123,"column":4},"end":{"line":142,"column":7}},"53":{"start":{"line":124,"column":6},"end":{"line":141,"column":7}},"54":{"start":{"line":125,"column":8},"end":{"line":125,"column":64}},"55":{"start":{"line":127,"column":8},"end":{"line":139,"column":9}},"56":{"start":{"line":128,"column":10},"end":{"line":138,"column":12}},"57":{"start":{"line":132,"column":14},"end":{"line":135,"column":15}},"58":{"start":{"line":133,"column":16},"end":{"line":133,"column":68}},"59":{"start":{"line":136,"column":14},"end":{"line":136,"column":36}},"60":{"start":{"line":140,"column":8},"end":{"line":140,"column":30}},"61":{"start":{"line":144,"column":4},"end":{"line":144,"column":51}},"62":{"start":{"line":148,"column":0},"end":{"line":153,"column":2}}},"fnMap":{"0":{"name":"(anonymous_0)","decl":{"start":{"line":6,"column":23},"end":{"line":6,"column":24}},"loc":{"start":{"line":6,"column":43},"end":{"line":24,"column":1}},"line":6},"1":{"name":"(anonymous_1)","decl":{"start":{"line":9,"column":42},"end":{"line":9,"column":43}},"loc":{"start":{"line":9,"column":57},"end":{"line":15,"column":5}},"line":9},"2":{"name":"(anonymous_2)","decl":{"start":{"line":17,"column":22},"end":{"line":17,"column":23}},"loc":{"start":{"line":17,"column":37},"end":{"line":22,"column":5}},"line":17},"3":{"name":"(anonymous_3)","decl":{"start":{"line":25,"column":20},"end":{"line":25,"column":21}},"loc":{"start":{"line":25,"column":40},"end":{"line":107,"column":1}},"line":25},"4":{"name":"(anonymous_4)","decl":{"start":{"line":52,"column":12},"end":{"line":52,"column":13}},"loc":{"start":{"line":52,"column":33},"end":{"line":103,"column":5}},"line":52},"5":{"name":"(anonymous_5)","decl":{"start":{"line":65,"column":53},"end":{"line":65,"column":54}},"loc":{"start":{"line":65,"column":68},"end":{"line":99,"column":9}},"line":65},"6":{"name":"(anonymous_6)","decl":{"start":{"line":78,"column":29},"end":{"line":78,"column":30}},"loc":{"start":{"line":78,"column":44},"end":{"line":93,"column":13}},"line":78},"7":{"name":"(anonymous_7)","decl":{"start":{"line":86,"column":18},"end":{"line":86,"column":19}},"loc":{"start":{"line":86,"column":38},"end":{"line":90,"column":19}},"line":86},"8":{"name":"(anonymous_8)","decl":{"start":{"line":108,"column":23},"end":{"line":108,"column":24}},"loc":{"start":{"line":108,"column":43},"end":{"line":116,"column":1}},"line":108},"9":{"name":"(anonymous_9)","decl":{"start":{"line":111,"column":39},"end":{"line":111,"column":40}},"loc":{"start":{"line":111,"column":54},"end":{"line":115,"column":3}},"line":111},"10":{"name":"(anonymous_10)","decl":{"start":{"line":118,"column":23},"end":{"line":118,"column":24}},"loc":{"start":{"line":118,"column":43},"end":{"line":146,"column":1}},"line":118},"11":{"name":"(anonymous_11)","decl":{"start":{"line":123,"column":61},"end":{"line":123,"column":62}},"loc":{"start":{"line":123,"column":76},"end":{"line":142,"column":5}},"line":123},"12":{"name":"(anonymous_12)","decl":{"start":{"line":131,"column":12},"end":{"line":131,"column":13}},"loc":{"start":{"line":131,"column":27},"end":{"line":137,"column":13}},"line":131}},"branchMap":{"0":{"loc":{"start":{"line":7,"column":2},"end":{"line":23,"column":3}},"type":"if","locations":[{"start":{"line":7,"column":2},"end":{"line":23,"column":3}},{"start":{"line":16,"column":9},"end":{"line":23,"column":3}}],"line":7},"1":{"loc":{"start":{"line":10,"column":6},"end":{"line":14,"column":35}},"type":"if","locations":[{"start":{"line":10,"column":6},"end":{"line":14,"column":35}},{"start":{"line":14,"column":13},"end":{"line":14,"column":35}}],"line":10},"2":{"loc":{"start":{"line":10,"column":10},"end":{"line":10,"column":42}},"type":"binary-expr","locations":[{"start":{"line":10,"column":10},"end":{"line":10,"column":13}},{"start":{"line":10,"column":17},"end":{"line":10,"column":22}},{"start":{"line":10,"column":26},"end":{"line":10,"column":42}}],"line":10},"3":{"loc":{"start":{"line":18,"column":6},"end":{"line":20,"column":7}},"type":"if","locations":[{"start":{"line":18,"column":6},"end":{"line":20,"column":7}},{"start":{},"end":{}}],"line":18},"4":{"loc":{"start":{"line":27,"column":2},"end":{"line":106,"column":3}},"type":"if","locations":[{"start":{"line":27,"column":2},"end":{"line":106,"column":3}},{"start":{"line":104,"column":9},"end":{"line":106,"column":3}}],"line":27},"5":{"loc":{"start":{"line":28,"column":4},"end":{"line":34,"column":36}},"type":"binary-expr","locations":[{"start":{"line":28,"column":4},"end":{"line":28,"column":35}},{"start":{"line":29,"column":4},"end":{"line":29,"column":41}},{"start":{"line":30,"column":4},"end":{"line":30,"column":51}},{"start":{"line":31,"column":4},"end":{"line":31,"column":43}},{"start":{"line":32,"column":4},"end":{"line":32,"column":37}},{"start":{"line":33,"column":4},"end":{"line":33,"column":36}},{"start":{"line":34,"column":4},"end":{"line":34,"column":36}}],"line":28},"6":{"loc":{"start":{"line":56,"column":8},"end":{"line":62,"column":9}},"type":"if","locations":[{"start":{"line":56,"column":8},"end":{"line":62,"column":9}},{"start":{},"end":{}}],"line":56},"7":{"loc":{"start":{"line":57,"column":10},"end":{"line":59,"column":47}},"type":"binary-expr","locations":[{"start":{"line":57,"column":10},"end":{"line":57,"column":37}},{"start":{"line":58,"column":11},"end":{"line":58,"column":42}},{"start":{"line":59,"column":12},"end":{"line":59,"column":46}}],"line":57},"8":{"loc":{"start":{"line":64,"column":6},"end":{"line":102,"column":7}},"type":"if","locations":[{"start":{"line":64,"column":6},"end":{"line":102,"column":7}},{"start":{"line":100,"column":13},"end":{"line":102,"column":7}}],"line":64},"9":{"loc":{"start":{"line":64,"column":10},"end":{"line":64,"column":40}},"type":"binary-expr","locations":[{"start":{"line":64,"column":10},"end":{"line":64,"column":21}},{"start":{"line":64,"column":25},"end":{"line":64,"column":40}}],"line":64},"10":{"loc":{"start":{"line":66,"column":10},"end":{"line":98,"column":11}},"type":"if","locations":[{"start":{"line":66,"column":10},"end":{"line":98,"column":11}},{"start":{"line":94,"column":17},"end":{"line":98,"column":11}}],"line":66},"11":{"loc":{"start":{"line":79,"column":14},"end":{"line":92,"column":15}},"type":"if","locations":[{"start":{"line":79,"column":14},"end":{"line":92,"column":15}},{"start":{"line":81,"column":21},"end":{"line":92,"column":15}}],"line":79},"12":{"loc":{"start":{"line":87,"column":20},"end":{"line":87,"column":66}},"type":"if","locations":[{"start":{"line":87,"column":20},"end":{"line":87,"column":66}},{"start":{},"end":{}}],"line":87},"13":{"loc":{"start":{"line":95,"column":12},"end":{"line":96,"column":80}},"type":"if","locations":[{"start":{"line":95,"column":12},"end":{"line":96,"column":80}},{"start":{},"end":{}}],"line":95},"14":{"loc":{"start":{"line":112,"column":4},"end":{"line":114,"column":33}},"type":"if","locations":[{"start":{"line":112,"column":4},"end":{"line":114,"column":33}},{"start":{"line":114,"column":11},"end":{"line":114,"column":33}}],"line":112},"15":{"loc":{"start":{"line":112,"column":8},"end":{"line":112,"column":20}},"type":"binary-expr","locations":[{"start":{"line":112,"column":8},"end":{"line":112,"column":11}},{"start":{"line":112,"column":15},"end":{"line":112,"column":20}}],"line":112},"16":{"loc":{"start":{"line":121,"column":2},"end":{"line":145,"column":3}},"type":"if","locations":[{"start":{"line":121,"column":2},"end":{"line":145,"column":3}},{"start":{"line":143,"column":9},"end":{"line":145,"column":3}}],"line":121},"17":{"loc":{"start":{"line":124,"column":6},"end":{"line":141,"column":7}},"type":"if","locations":[{"start":{"line":124,"column":6},"end":{"line":141,"column":7}},{"start":{"line":126,"column":13},"end":{"line":141,"column":7}}],"line":124},"18":{"loc":{"start":{"line":124,"column":10},"end":{"line":124,"column":22}},"type":"binary-expr","locations":[{"start":{"line":124,"column":10},"end":{"line":124,"column":13}},{"start":{"line":124,"column":17},"end":{"line":124,"column":22}}],"line":124},"19":{"loc":{"start":{"line":127,"column":8},"end":{"line":139,"column":9}},"type":"if","locations":[{"start":{"line":127,"column":8},"end":{"line":139,"column":9}},{"start":{},"end":{}}],"line":127},"20":{"loc":{"start":{"line":132,"column":14},"end":{"line":135,"column":15}},"type":"if","locations":[{"start":{"line":132,"column":14},"end":{"line":135,"column":15}},{"start":{"line":134,"column":21},"end":{"line":135,"column":15}}],"line":132},"21":{"loc":{"start":{"line":132,"column":18},"end":{"line":132,"column":30}},"type":"binary-expr","locations":[{"start":{"line":132,"column":18},"end":{"line":132,"column":21}},{"start":{"line":132,"column":25},"end":{"line":132,"column":30}}],"line":132}},"s":{"0":2,"1":2,"2":2,"3":2,"4":2,"5":0,"6":0,"7":0,"8":0,"9":0,"10":0,"11":0,"12":0,"13":0,"14":0,"15":2,"16":0,"17":0,"18":0,"19":0,"20":0,"21":0,"22":0,"23":0,"24":0,"25":0,"26":0,"27":0,"28":0,"29":0,"30":0,"31":0,"32":0,"33":0,"34":0,"35":0,"36":0,"37":0,"38":0,"39":0,"40":0,"41":2,"42":0,"43":0,"44":0,"45":0,"46":0,"47":2,"48":0,"49":0,"50":0,"51":0,"52":0,"53":0,"54":0,"55":0,"56":0,"57":0,"58":0,"59":0,"60":0,"61":0,"62":2},"f":{"0":0,"1":0,"2":0,"3":0,"4":0,"5":0,"6":0,"7":0,"8":0,"9":0,"10":0,"11":0,"12":0},"b":{"0":[0,0],"1":[0,0],"2":[0,0,0],"3":[0,0],"4":[0,0],"5":[0,0,0,0,0,0,0],"6":[0,0],"7":[0,0,0],"8":[0,0],"9":[0,0],"10":[0,0],"11":[0,0],"12":[0,0],"13":[0,0],"14":[0,0],"15":[0,0],"16":[0,0],"17":[0,0],"18":[0,0],"19":[0,0],"20":[0,0],"21":[0,0]},"_coverageSchema":"1a1c01bbd47fc00a2c39e90264f33305004495a9","hash":"7b79e17c7d019b3e08a5f3d394d58c0949f100c8"}
,"/Users/alessionovel/Desktop/Progetto/github/Web-API/backend/controllers/feedback.js": {"path":"/Users/alessionovel/Desktop/Progetto/github/Web-API/backend/controllers/feedback.js","statementMap":{"0":{"start":{"line":1,"column":30},"end":{"line":1,"column":49}},"1":{"start":{"line":2,"column":17},"end":{"line":2,"column":46}},"2":{"start":{"line":3,"column":13},"end":{"line":3,"column":38}},"3":{"start":{"line":4,"column":17},"end":{"line":4,"column":46}},"4":{"start":{"line":5,"column":14},"end":{"line":5,"column":33}},"5":{"start":{"line":7,"column":23},"end":{"line":38,"column":1}},"6":{"start":{"line":8,"column":2},"end":{"line":37,"column":3}},"7":{"start":{"line":12,"column":4},"end":{"line":12,"column":36}},"8":{"start":{"line":13,"column":4},"end":{"line":13,"column":30}},"9":{"start":{"line":14,"column":4},"end":{"line":20,"column":7}},"10":{"start":{"line":15,"column":6},"end":{"line":19,"column":35}},"11":{"start":{"line":16,"column":8},"end":{"line":18,"column":11}},"12":{"start":{"line":19,"column":13},"end":{"line":19,"column":35}},"13":{"start":{"line":21,"column":9},"end":{"line":37,"column":3}},"14":{"start":{"line":22,"column":4},"end":{"line":22,"column":36}},"15":{"start":{"line":23,"column":4},"end":{"line":29,"column":7}},"16":{"start":{"line":24,"column":6},"end":{"line":28,"column":35}},"17":{"start":{"line":25,"column":8},"end":{"line":27,"column":11}},"18":{"start":{"line":28,"column":13},"end":{"line":28,"column":35}},"19":{"start":{"line":31,"column":4},"end":{"line":36,"column":7}},"20":{"start":{"line":32,"column":6},"end":{"line":34,"column":7}},"21":{"start":{"line":33,"column":8},"end":{"line":33,"column":40}},"22":{"start":{"line":35,"column":6},"end":{"line":35,"column":28}},"23":{"start":{"line":39,"column":20},"end":{"line":110,"column":1}},"24":{"start":{"line":40,"column":2},"end":{"line":40,"column":22}},"25":{"start":{"line":41,"column":2},"end":{"line":109,"column":3}},"26":{"start":{"line":48,"column":4},"end":{"line":106,"column":7}},"27":{"start":{"line":74,"column":6},"end":{"line":105,"column":7}},"28":{"start":{"line":75,"column":8},"end":{"line":100,"column":10}},"29":{"start":{"line":78,"column":12},"end":{"line":98,"column":13}},"30":{"start":{"line":79,"column":34},"end":{"line":85,"column":16}},"31":{"start":{"line":86,"column":14},"end":{"line":89,"column":17}},"32":{"start":{"line":87,"column":16},"end":{"line":87,"column":57}},"33":{"start":{"line":87,"column":25},"end":{"line":87,"column":57}},"34":{"start":{"line":88,"column":16},"end":{"line":88,"column":38}},"35":{"start":{"line":91,"column":14},"end":{"line":94,"column":18}},"36":{"start":{"line":92,"column":16},"end":{"line":94,"column":18}},"37":{"start":{"line":95,"column":14},"end":{"line":97,"column":17}},"38":{"start":{"line":102,"column":8},"end":{"line":104,"column":11}},"39":{"start":{"line":108,"column":4},"end":{"line":108,"column":61}},"40":{"start":{"line":112,"column":23},"end":{"line":125,"column":1}},"41":{"start":{"line":113,"column":2},"end":{"line":113,"column":24}},"42":{"start":{"line":114,"column":2},"end":{"line":124,"column":5}},"43":{"start":{"line":115,"column":4},"end":{"line":123,"column":9}},"44":{"start":{"line":116,"column":6},"end":{"line":116,"column":62}},"45":{"start":{"line":118,"column":6},"end":{"line":123,"column":9}},"46":{"start":{"line":119,"column":8},"end":{"line":121,"column":9}},"47":{"start":{"line":120,"column":10},"end":{"line":120,"column":65}},"48":{"start":{"line":122,"column":8},"end":{"line":122,"column":67}},"49":{"start":{"line":127,"column":0},"end":{"line":131,"column":2}}},"fnMap":{"0":{"name":"(anonymous_0)","decl":{"start":{"line":7,"column":23},"end":{"line":7,"column":24}},"loc":{"start":{"line":7,"column":43},"end":{"line":38,"column":1}},"line":7},"1":{"name":"(anonymous_1)","decl":{"start":{"line":14,"column":60},"end":{"line":14,"column":61}},"loc":{"start":{"line":14,"column":75},"end":{"line":20,"column":5}},"line":14},"2":{"name":"(anonymous_2)","decl":{"start":{"line":23,"column":44},"end":{"line":23,"column":45}},"loc":{"start":{"line":23,"column":59},"end":{"line":29,"column":5}},"line":23},"3":{"name":"(anonymous_3)","decl":{"start":{"line":31,"column":22},"end":{"line":31,"column":23}},"loc":{"start":{"line":31,"column":37},"end":{"line":36,"column":5}},"line":31},"4":{"name":"(anonymous_4)","decl":{"start":{"line":39,"column":20},"end":{"line":39,"column":21}},"loc":{"start":{"line":39,"column":40},"end":{"line":110,"column":1}},"line":39},"5":{"name":"(anonymous_5)","decl":{"start":{"line":73,"column":12},"end":{"line":73,"column":13}},"loc":{"start":{"line":73,"column":33},"end":{"line":106,"column":5}},"line":73},"6":{"name":"(anonymous_6)","decl":{"start":{"line":77,"column":10},"end":{"line":77,"column":11}},"loc":{"start":{"line":77,"column":25},"end":{"line":99,"column":11}},"line":77},"7":{"name":"(anonymous_7)","decl":{"start":{"line":86,"column":31},"end":{"line":86,"column":32}},"loc":{"start":{"line":86,"column":46},"end":{"line":89,"column":15}},"line":86},"8":{"name":"(anonymous_8)","decl":{"start":{"line":112,"column":23},"end":{"line":112,"column":24}},"loc":{"start":{"line":112,"column":43},"end":{"line":125,"column":1}},"line":112},"9":{"name":"(anonymous_9)","decl":{"start":{"line":114,"column":32},"end":{"line":114,"column":33}},"loc":{"start":{"line":114,"column":47},"end":{"line":124,"column":3}},"line":114},"10":{"name":"(anonymous_10)","decl":{"start":{"line":118,"column":38},"end":{"line":118,"column":39}},"loc":{"start":{"line":118,"column":47},"end":{"line":123,"column":7}},"line":118}},"branchMap":{"0":{"loc":{"start":{"line":8,"column":2},"end":{"line":37,"column":3}},"type":"if","locations":[{"start":{"line":8,"column":2},"end":{"line":37,"column":3}},{"start":{"line":21,"column":9},"end":{"line":37,"column":3}}],"line":8},"1":{"loc":{"start":{"line":9,"column":4},"end":{"line":10,"column":38}},"type":"binary-expr","locations":[{"start":{"line":9,"column":4},"end":{"line":9,"column":41}},{"start":{"line":10,"column":4},"end":{"line":10,"column":38}}],"line":9},"2":{"loc":{"start":{"line":15,"column":6},"end":{"line":19,"column":35}},"type":"if","locations":[{"start":{"line":15,"column":6},"end":{"line":19,"column":35}},{"start":{"line":19,"column":13},"end":{"line":19,"column":35}}],"line":15},"3":{"loc":{"start":{"line":15,"column":10},"end":{"line":15,"column":22}},"type":"binary-expr","locations":[{"start":{"line":15,"column":10},"end":{"line":15,"column":13}},{"start":{"line":15,"column":17},"end":{"line":15,"column":22}}],"line":15},"4":{"loc":{"start":{"line":21,"column":9},"end":{"line":37,"column":3}},"type":"if","locations":[{"start":{"line":21,"column":9},"end":{"line":37,"column":3}},{"start":{"line":30,"column":9},"end":{"line":37,"column":3}}],"line":21},"5":{"loc":{"start":{"line":24,"column":6},"end":{"line":28,"column":35}},"type":"if","locations":[{"start":{"line":24,"column":6},"end":{"line":28,"column":35}},{"start":{"line":28,"column":13},"end":{"line":28,"column":35}}],"line":24},"6":{"loc":{"start":{"line":24,"column":10},"end":{"line":24,"column":42}},"type":"binary-expr","locations":[{"start":{"line":24,"column":10},"end":{"line":24,"column":13}},{"start":{"line":24,"column":17},"end":{"line":24,"column":22}},{"start":{"line":24,"column":26},"end":{"line":24,"column":42}}],"line":24},"7":{"loc":{"start":{"line":32,"column":6},"end":{"line":34,"column":7}},"type":"if","locations":[{"start":{"line":32,"column":6},"end":{"line":34,"column":7}},{"start":{},"end":{}}],"line":32},"8":{"loc":{"start":{"line":41,"column":2},"end":{"line":109,"column":3}},"type":"if","locations":[{"start":{"line":41,"column":2},"end":{"line":109,"column":3}},{"start":{"line":107,"column":9},"end":{"line":109,"column":3}}],"line":41},"9":{"loc":{"start":{"line":42,"column":4},"end":{"line":46,"column":39}},"type":"binary-expr","locations":[{"start":{"line":42,"column":4},"end":{"line":42,"column":40}},{"start":{"line":43,"column":4},"end":{"line":43,"column":37}},{"start":{"line":44,"column":4},"end":{"line":44,"column":42}},{"start":{"line":45,"column":4},"end":{"line":45,"column":43}},{"start":{"line":46,"column":4},"end":{"line":46,"column":39}}],"line":42},"10":{"loc":{"start":{"line":74,"column":6},"end":{"line":105,"column":7}},"type":"if","locations":[{"start":{"line":74,"column":6},"end":{"line":105,"column":7}},{"start":{"line":101,"column":13},"end":{"line":105,"column":7}}],"line":74},"11":{"loc":{"start":{"line":78,"column":12},"end":{"line":98,"column":13}},"type":"if","locations":[{"start":{"line":78,"column":12},"end":{"line":98,"column":13}},{"start":{"line":90,"column":19},"end":{"line":98,"column":13}}],"line":78},"12":{"loc":{"start":{"line":87,"column":16},"end":{"line":87,"column":57}},"type":"if","locations":[{"start":{"line":87,"column":16},"end":{"line":87,"column":57}},{"start":{},"end":{}}],"line":87},"13":{"loc":{"start":{"line":91,"column":14},"end":{"line":94,"column":18}},"type":"if","locations":[{"start":{"line":91,"column":14},"end":{"line":94,"column":18}},{"start":{},"end":{}}],"line":91},"14":{"loc":{"start":{"line":115,"column":4},"end":{"line":123,"column":9}},"type":"if","locations":[{"start":{"line":115,"column":4},"end":{"line":123,"column":9}},{"start":{"line":118,"column":6},"end":{"line":123,"column":9}}],"line":115},"15":{"loc":{"start":{"line":115,"column":8},"end":{"line":115,"column":20}},"type":"binary-expr","locations":[{"start":{"line":115,"column":8},"end":{"line":115,"column":11}},{"start":{"line":115,"column":15},"end":{"line":115,"column":20}}],"line":115},"16":{"loc":{"start":{"line":119,"column":8},"end":{"line":121,"column":9}},"type":"if","locations":[{"start":{"line":119,"column":8},"end":{"line":121,"column":9}},{"start":{},"end":{}}],"line":119}},"s":{"0":2,"1":2,"2":2,"3":2,"4":2,"5":2,"6":0,"7":0,"8":0,"9":0,"10":0,"11":0,"12":0,"13":0,"14":0,"15":0,"16":0,"17":0,"18":0,"19":0,"20":0,"21":0,"22":0,"23":2,"24":0,"25":0,"26":0,"27":0,"28":0,"29":0,"30":0,"31":0,"32":0,"33":0,"34":0,"35":0,"36":0,"37":0,"38":0,"39":0,"40":2,"41":0,"42":0,"43":0,"44":0,"45":0,"46":0,"47":0,"48":0,"49":2},"f":{"0":0,"1":0,"2":0,"3":0,"4":0,"5":0,"6":0,"7":0,"8":0,"9":0,"10":0},"b":{"0":[0,0],"1":[0,0],"2":[0,0],"3":[0,0],"4":[0,0],"5":[0,0],"6":[0,0,0],"7":[0,0],"8":[0,0],"9":[0,0,0,0,0],"10":[0,0],"11":[0,0],"12":[0,0],"13":[0,0],"14":[0,0],"15":[0,0],"16":[0,0]},"_coverageSchema":"1a1c01bbd47fc00a2c39e90264f33305004495a9","hash":"941f8fbd6d94b744edbf780a012a94ecb9324e85"}
,"/Users/alessionovel/Desktop/Progetto/github/Web-API/backend/controllers/fornitore.js": {"path":"/Users/alessionovel/Desktop/Progetto/github/Web-API/backend/controllers/fornitore.js","statementMap":{"0":{"start":{"line":1,"column":18},"end":{"line":1,"column":48}},"1":{"start":{"line":2,"column":14},"end":{"line":2,"column":33}},"2":{"start":{"line":3,"column":12},"end":{"line":3,"column":35}},"3":{"start":{"line":5,"column":14},"end":{"line":51,"column":1}},"4":{"start":{"line":6,"column":2},"end":{"line":6,"column":20}},"5":{"start":{"line":7,"column":2},"end":{"line":50,"column":3}},"6":{"start":{"line":9,"column":15},"end":{"line":11,"column":13}},"7":{"start":{"line":14,"column":4},"end":{"line":47,"column":5}},"8":{"start":{"line":15,"column":6},"end":{"line":18,"column":9}},"9":{"start":{"line":21,"column":9},"end":{"line":47,"column":5}},"10":{"start":{"line":22,"column":6},"end":{"line":25,"column":9}},"11":{"start":{"line":28,"column":20},"end":{"line":33,"column":7}},"12":{"start":{"line":34,"column":20},"end":{"line":36,"column":7}},"13":{"start":{"line":37,"column":18},"end":{"line":37,"column":70}},"14":{"start":{"line":39,"column":6},"end":{"line":46,"column":9}},"15":{"start":{"line":49,"column":4},"end":{"line":49,"column":67}},"16":{"start":{"line":53,"column":24},"end":{"line":60,"column":1}},"17":{"start":{"line":54,"column":2},"end":{"line":59,"column":5}},"18":{"start":{"line":55,"column":4},"end":{"line":57,"column":5}},"19":{"start":{"line":56,"column":6},"end":{"line":56,"column":38}},"20":{"start":{"line":58,"column":4},"end":{"line":58,"column":26}},"21":{"start":{"line":62,"column":21},"end":{"line":123,"column":1}},"22":{"start":{"line":63,"column":2},"end":{"line":63,"column":23}},"23":{"start":{"line":64,"column":2},"end":{"line":122,"column":3}},"24":{"start":{"line":73,"column":4},"end":{"line":119,"column":5}},"25":{"start":{"line":77,"column":6},"end":{"line":81,"column":9}},"26":{"start":{"line":82,"column":6},"end":{"line":82,"column":13}},"27":{"start":{"line":85,"column":6},"end":{"line":118,"column":8}},"28":{"start":{"line":95,"column":10},"end":{"line":116,"column":11}},"29":{"start":{"line":97,"column":35},"end":{"line":105,"column":14}},"30":{"start":{"line":107,"column":12},"end":{"line":110,"column":15}},"31":{"start":{"line":108,"column":14},"end":{"line":108,"column":55}},"32":{"start":{"line":108,"column":23},"end":{"line":108,"column":55}},"33":{"start":{"line":109,"column":14},"end":{"line":109,"column":36}},"34":{"start":{"line":113,"column":12},"end":{"line":114,"column":80}},"35":{"start":{"line":114,"column":14},"end":{"line":114,"column":80}},"36":{"start":{"line":115,"column":12},"end":{"line":115,"column":69}},"37":{"start":{"line":121,"column":4},"end":{"line":121,"column":62}},"38":{"start":{"line":125,"column":27},"end":{"line":132,"column":1}},"39":{"start":{"line":126,"column":2},"end":{"line":131,"column":5}},"40":{"start":{"line":127,"column":4},"end":{"line":129,"column":5}},"41":{"start":{"line":128,"column":6},"end":{"line":128,"column":61}},"42":{"start":{"line":130,"column":4},"end":{"line":130,"column":63}},"43":{"start":{"line":134,"column":24},"end":{"line":142,"column":1}},"44":{"start":{"line":135,"column":2},"end":{"line":135,"column":24}},"45":{"start":{"line":137,"column":2},"end":{"line":141,"column":5}},"46":{"start":{"line":138,"column":4},"end":{"line":140,"column":33}},"47":{"start":{"line":139,"column":6},"end":{"line":139,"column":63}},"48":{"start":{"line":140,"column":11},"end":{"line":140,"column":33}},"49":{"start":{"line":144,"column":27},"end":{"line":157,"column":1}},"50":{"start":{"line":145,"column":2},"end":{"line":145,"column":24}},"51":{"start":{"line":146,"column":2},"end":{"line":156,"column":5}},"52":{"start":{"line":147,"column":4},"end":{"line":155,"column":9}},"53":{"start":{"line":148,"column":6},"end":{"line":148,"column":63}},"54":{"start":{"line":150,"column":6},"end":{"line":155,"column":9}},"55":{"start":{"line":151,"column":8},"end":{"line":153,"column":9}},"56":{"start":{"line":152,"column":10},"end":{"line":152,"column":65}},"57":{"start":{"line":154,"column":8},"end":{"line":154,"column":67}},"58":{"start":{"line":159,"column":0},"end":{"line":166,"column":2}}},"fnMap":{"0":{"name":"(anonymous_0)","decl":{"start":{"line":5,"column":14},"end":{"line":5,"column":15}},"loc":{"start":{"line":5,"column":46},"end":{"line":51,"column":1}},"line":5},"1":{"name":"(anonymous_1)","decl":{"start":{"line":53,"column":24},"end":{"line":53,"column":25}},"loc":{"start":{"line":53,"column":44},"end":{"line":60,"column":1}},"line":53},"2":{"name":"(anonymous_2)","decl":{"start":{"line":54,"column":21},"end":{"line":54,"column":22}},"loc":{"start":{"line":54,"column":36},"end":{"line":59,"column":3}},"line":54},"3":{"name":"(anonymous_3)","decl":{"start":{"line":62,"column":21},"end":{"line":62,"column":22}},"loc":{"start":{"line":62,"column":41},"end":{"line":123,"column":1}},"line":62},"4":{"name":"(anonymous_4)","decl":{"start":{"line":92,"column":8},"end":{"line":92,"column":9}},"loc":{"start":{"line":92,"column":23},"end":{"line":117,"column":9}},"line":92},"5":{"name":"(anonymous_5)","decl":{"start":{"line":107,"column":32},"end":{"line":107,"column":33}},"loc":{"start":{"line":107,"column":47},"end":{"line":110,"column":13}},"line":107},"6":{"name":"(anonymous_6)","decl":{"start":{"line":125,"column":27},"end":{"line":125,"column":28}},"loc":{"start":{"line":125,"column":47},"end":{"line":132,"column":1}},"line":125},"7":{"name":"(anonymous_7)","decl":{"start":{"line":126,"column":27},"end":{"line":126,"column":28}},"loc":{"start":{"line":126,"column":36},"end":{"line":131,"column":3}},"line":126},"8":{"name":"(anonymous_8)","decl":{"start":{"line":134,"column":24},"end":{"line":134,"column":25}},"loc":{"start":{"line":134,"column":44},"end":{"line":142,"column":1}},"line":134},"9":{"name":"(anonymous_9)","decl":{"start":{"line":137,"column":33},"end":{"line":137,"column":34}},"loc":{"start":{"line":137,"column":48},"end":{"line":141,"column":3}},"line":137},"10":{"name":"(anonymous_10)","decl":{"start":{"line":144,"column":27},"end":{"line":144,"column":28}},"loc":{"start":{"line":144,"column":47},"end":{"line":157,"column":1}},"line":144},"11":{"name":"(anonymous_11)","decl":{"start":{"line":146,"column":33},"end":{"line":146,"column":34}},"loc":{"start":{"line":146,"column":48},"end":{"line":156,"column":3}},"line":146},"12":{"name":"(anonymous_12)","decl":{"start":{"line":150,"column":39},"end":{"line":150,"column":40}},"loc":{"start":{"line":150,"column":48},"end":{"line":155,"column":7}},"line":150}},"branchMap":{"0":{"loc":{"start":{"line":7,"column":2},"end":{"line":50,"column":3}},"type":"if","locations":[{"start":{"line":7,"column":2},"end":{"line":50,"column":3}},{"start":{"line":48,"column":9},"end":{"line":50,"column":3}}],"line":7},"1":{"loc":{"start":{"line":7,"column":6},"end":{"line":7,"column":73}},"type":"binary-expr","locations":[{"start":{"line":7,"column":6},"end":{"line":7,"column":36}},{"start":{"line":7,"column":40},"end":{"line":7,"column":73}}],"line":7},"2":{"loc":{"start":{"line":14,"column":4},"end":{"line":47,"column":5}},"type":"if","locations":[{"start":{"line":14,"column":4},"end":{"line":47,"column":5}},{"start":{"line":21,"column":9},"end":{"line":47,"column":5}}],"line":14},"3":{"loc":{"start":{"line":21,"column":9},"end":{"line":47,"column":5}},"type":"if","locations":[{"start":{"line":21,"column":9},"end":{"line":47,"column":5}},{"start":{"line":26,"column":11},"end":{"line":47,"column":5}}],"line":21},"4":{"loc":{"start":{"line":55,"column":4},"end":{"line":57,"column":5}},"type":"if","locations":[{"start":{"line":55,"column":4},"end":{"line":57,"column":5}},{"start":{},"end":{}}],"line":55},"5":{"loc":{"start":{"line":64,"column":2},"end":{"line":122,"column":3}},"type":"if","locations":[{"start":{"line":64,"column":2},"end":{"line":122,"column":3}},{"start":{"line":120,"column":9},"end":{"line":122,"column":3}}],"line":64},"6":{"loc":{"start":{"line":65,"column":4},"end":{"line":71,"column":40}},"type":"binary-expr","locations":[{"start":{"line":65,"column":4},"end":{"line":65,"column":37}},{"start":{"line":66,"column":4},"end":{"line":66,"column":40}},{"start":{"line":67,"column":4},"end":{"line":67,"column":44}},{"start":{"line":68,"column":4},"end":{"line":68,"column":48}},{"start":{"line":69,"column":4},"end":{"line":69,"column":49}},{"start":{"line":70,"column":4},"end":{"line":70,"column":36}},{"start":{"line":71,"column":4},"end":{"line":71,"column":40}}],"line":65},"7":{"loc":{"start":{"line":73,"column":4},"end":{"line":119,"column":5}},"type":"if","locations":[{"start":{"line":73,"column":4},"end":{"line":119,"column":5}},{"start":{"line":83,"column":11},"end":{"line":119,"column":5}}],"line":73},"8":{"loc":{"start":{"line":74,"column":6},"end":{"line":75,"column":50}},"type":"binary-expr","locations":[{"start":{"line":74,"column":6},"end":{"line":74,"column":40}},{"start":{"line":75,"column":6},"end":{"line":75,"column":50}}],"line":74},"9":{"loc":{"start":{"line":95,"column":10},"end":{"line":116,"column":11}},"type":"if","locations":[{"start":{"line":95,"column":10},"end":{"line":116,"column":11}},{"start":{"line":112,"column":17},"end":{"line":116,"column":11}}],"line":95},"10":{"loc":{"start":{"line":108,"column":14},"end":{"line":108,"column":55}},"type":"if","locations":[{"start":{"line":108,"column":14},"end":{"line":108,"column":55}},{"start":{},"end":{}}],"line":108},"11":{"loc":{"start":{"line":113,"column":12},"end":{"line":114,"column":80}},"type":"if","locations":[{"start":{"line":113,"column":12},"end":{"line":114,"column":80}},{"start":{},"end":{}}],"line":113},"12":{"loc":{"start":{"line":127,"column":4},"end":{"line":129,"column":5}},"type":"if","locations":[{"start":{"line":127,"column":4},"end":{"line":129,"column":5}},{"start":{},"end":{}}],"line":127},"13":{"loc":{"start":{"line":138,"column":4},"end":{"line":140,"column":33}},"type":"if","locations":[{"start":{"line":138,"column":4},"end":{"line":140,"column":33}},{"start":{"line":140,"column":11},"end":{"line":140,"column":33}}],"line":138},"14":{"loc":{"start":{"line":138,"column":8},"end":{"line":138,"column":20}},"type":"binary-expr","locations":[{"start":{"line":138,"column":8},"end":{"line":138,"column":11}},{"start":{"line":138,"column":15},"end":{"line":138,"column":20}}],"line":138},"15":{"loc":{"start":{"line":147,"column":4},"end":{"line":155,"column":9}},"type":"if","locations":[{"start":{"line":147,"column":4},"end":{"line":155,"column":9}},{"start":{"line":150,"column":6},"end":{"line":155,"column":9}}],"line":147},"16":{"loc":{"start":{"line":147,"column":8},"end":{"line":147,"column":20}},"type":"binary-expr","locations":[{"start":{"line":147,"column":8},"end":{"line":147,"column":11}},{"start":{"line":147,"column":15},"end":{"line":147,"column":20}}],"line":147},"17":{"loc":{"start":{"line":151,"column":8},"end":{"line":153,"column":9}},"type":"if","locations":[{"start":{"line":151,"column":8},"end":{"line":153,"column":9}},{"start":{},"end":{}}],"line":151}},"s":{"0":2,"1":2,"2":2,"3":2,"4":0,"5":0,"6":0,"7":0,"8":0,"9":0,"10":0,"11":0,"12":0,"13":0,"14":0,"15":0,"16":2,"17":0,"18":0,"19":0,"20":0,"21":2,"22":0,"23":0,"24":0,"25":0,"26":0,"27":0,"28":0,"29":0,"30":0,"31":0,"32":0,"33":0,"34":0,"35":0,"36":0,"37":0,"38":2,"39":0,"40":0,"41":0,"42":0,"43":2,"44":0,"45":0,"46":0,"47":0,"48":0,"49":2,"50":0,"51":0,"52":0,"53":0,"54":0,"55":0,"56":0,"57":0,"58":2},"f":{"0":0,"1":0,"2":0,"3":0,"4":0,"5":0,"6":0,"7":0,"8":0,"9":0,"10":0,"11":0,"12":0},"b":{"0":[0,0],"1":[0,0],"2":[0,0],"3":[0,0],"4":[0,0],"5":[0,0],"6":[0,0,0,0,0,0,0],"7":[0,0],"8":[0,0],"9":[0,0],"10":[0,0],"11":[0,0],"12":[0,0],"13":[0,0],"14":[0,0],"15":[0,0],"16":[0,0],"17":[0,0]},"_coverageSchema":"1a1c01bbd47fc00a2c39e90264f33305004495a9","hash":"abf35c4761e3a7daf1e8dc010745d8f1eedb7a75"}
,"/Users/alessionovel/Desktop/Progetto/github/Web-API/backend/controllers/meal.js": {"path":"/Users/alessionovel/Desktop/Progetto/github/Web-API/backend/controllers/meal.js","statementMap":{"0":{"start":{"line":1,"column":13},"end":{"line":1,"column":38}},"1":{"start":{"line":2,"column":18},"end":{"line":2,"column":48}},"2":{"start":{"line":5,"column":19},"end":{"line":21,"column":1}},"3":{"start":{"line":6,"column":2},"end":{"line":20,"column":3}},"4":{"start":{"line":7,"column":4},"end":{"line":7,"column":36}},"5":{"start":{"line":8,"column":4},"end":{"line":12,"column":7}},"6":{"start":{"line":9,"column":6},"end":{"line":11,"column":35}},"7":{"start":{"line":10,"column":8},"end":{"line":10,"column":78}},"8":{"start":{"line":11,"column":13},"end":{"line":11,"column":35}},"9":{"start":{"line":14,"column":4},"end":{"line":19,"column":7}},"10":{"start":{"line":15,"column":6},"end":{"line":17,"column":7}},"11":{"start":{"line":16,"column":8},"end":{"line":16,"column":40}},"12":{"start":{"line":18,"column":6},"end":{"line":18,"column":28}},"13":{"start":{"line":23,"column":16},"end":{"line":58,"column":1}},"14":{"start":{"line":24,"column":2},"end":{"line":24,"column":18}},"15":{"start":{"line":25,"column":2},"end":{"line":57,"column":3}},"16":{"start":{"line":30,"column":4},"end":{"line":32,"column":5}},"17":{"start":{"line":31,"column":6},"end":{"line":31,"column":32}},"18":{"start":{"line":33,"column":4},"end":{"line":54,"column":7}},"19":{"start":{"line":34,"column":6},"end":{"line":53,"column":7}},"20":{"start":{"line":37,"column":26},"end":{"line":43,"column":10}},"21":{"start":{"line":45,"column":8},"end":{"line":48,"column":11}},"22":{"start":{"line":46,"column":10},"end":{"line":46,"column":51}},"23":{"start":{"line":46,"column":19},"end":{"line":46,"column":51}},"24":{"start":{"line":47,"column":10},"end":{"line":47,"column":32}},"25":{"start":{"line":50,"column":8},"end":{"line":51,"column":76}},"26":{"start":{"line":51,"column":10},"end":{"line":51,"column":76}},"27":{"start":{"line":52,"column":8},"end":{"line":52,"column":69}},"28":{"start":{"line":56,"column":4},"end":{"line":56,"column":57}},"29":{"start":{"line":60,"column":22},"end":{"line":67,"column":1}},"30":{"start":{"line":61,"column":2},"end":{"line":66,"column":5}},"31":{"start":{"line":62,"column":4},"end":{"line":64,"column":5}},"32":{"start":{"line":63,"column":6},"end":{"line":63,"column":61}},"33":{"start":{"line":65,"column":4},"end":{"line":65,"column":63}},"34":{"start":{"line":69,"column":19},"end":{"line":77,"column":1}},"35":{"start":{"line":70,"column":2},"end":{"line":70,"column":24}},"36":{"start":{"line":72,"column":2},"end":{"line":76,"column":5}},"37":{"start":{"line":73,"column":4},"end":{"line":75,"column":33}},"38":{"start":{"line":74,"column":6},"end":{"line":74,"column":58}},"39":{"start":{"line":75,"column":11},"end":{"line":75,"column":33}},"40":{"start":{"line":79,"column":22},"end":{"line":92,"column":1}},"41":{"start":{"line":80,"column":2},"end":{"line":80,"column":24}},"42":{"start":{"line":81,"column":2},"end":{"line":91,"column":5}},"43":{"start":{"line":82,"column":4},"end":{"line":90,"column":9}},"44":{"start":{"line":83,"column":6},"end":{"line":83,"column":58}},"45":{"start":{"line":85,"column":6},"end":{"line":90,"column":9}},"46":{"start":{"line":86,"column":8},"end":{"line":88,"column":9}},"47":{"start":{"line":87,"column":10},"end":{"line":87,"column":65}},"48":{"start":{"line":89,"column":8},"end":{"line":89,"column":67}},"49":{"start":{"line":94,"column":0},"end":{"line":100,"column":2}}},"fnMap":{"0":{"name":"(anonymous_0)","decl":{"start":{"line":5,"column":19},"end":{"line":5,"column":20}},"loc":{"start":{"line":5,"column":39},"end":{"line":21,"column":1}},"line":5},"1":{"name":"(anonymous_1)","decl":{"start":{"line":8,"column":40},"end":{"line":8,"column":41}},"loc":{"start":{"line":8,"column":55},"end":{"line":12,"column":5}},"line":8},"2":{"name":"(anonymous_2)","decl":{"start":{"line":14,"column":18},"end":{"line":14,"column":19}},"loc":{"start":{"line":14,"column":33},"end":{"line":19,"column":5}},"line":14},"3":{"name":"(anonymous_3)","decl":{"start":{"line":23,"column":16},"end":{"line":23,"column":17}},"loc":{"start":{"line":23,"column":36},"end":{"line":58,"column":1}},"line":23},"4":{"name":"(anonymous_4)","decl":{"start":{"line":33,"column":47},"end":{"line":33,"column":48}},"loc":{"start":{"line":33,"column":62},"end":{"line":54,"column":5}},"line":33},"5":{"name":"(anonymous_5)","decl":{"start":{"line":45,"column":23},"end":{"line":45,"column":24}},"loc":{"start":{"line":45,"column":38},"end":{"line":48,"column":9}},"line":45},"6":{"name":"(anonymous_6)","decl":{"start":{"line":60,"column":22},"end":{"line":60,"column":23}},"loc":{"start":{"line":60,"column":42},"end":{"line":67,"column":1}},"line":60},"7":{"name":"(anonymous_7)","decl":{"start":{"line":61,"column":22},"end":{"line":61,"column":23}},"loc":{"start":{"line":61,"column":31},"end":{"line":66,"column":3}},"line":61},"8":{"name":"(anonymous_8)","decl":{"start":{"line":69,"column":19},"end":{"line":69,"column":20}},"loc":{"start":{"line":69,"column":39},"end":{"line":77,"column":1}},"line":69},"9":{"name":"(anonymous_9)","decl":{"start":{"line":72,"column":28},"end":{"line":72,"column":29}},"loc":{"start":{"line":72,"column":43},"end":{"line":76,"column":3}},"line":72},"10":{"name":"(anonymous_10)","decl":{"start":{"line":79,"column":22},"end":{"line":79,"column":23}},"loc":{"start":{"line":79,"column":42},"end":{"line":92,"column":1}},"line":79},"11":{"name":"(anonymous_11)","decl":{"start":{"line":81,"column":28},"end":{"line":81,"column":29}},"loc":{"start":{"line":81,"column":43},"end":{"line":91,"column":3}},"line":81},"12":{"name":"(anonymous_12)","decl":{"start":{"line":85,"column":34},"end":{"line":85,"column":35}},"loc":{"start":{"line":85,"column":43},"end":{"line":90,"column":7}},"line":85}},"branchMap":{"0":{"loc":{"start":{"line":6,"column":2},"end":{"line":20,"column":3}},"type":"if","locations":[{"start":{"line":6,"column":2},"end":{"line":20,"column":3}},{"start":{"line":13,"column":9},"end":{"line":20,"column":3}}],"line":6},"1":{"loc":{"start":{"line":9,"column":6},"end":{"line":11,"column":35}},"type":"if","locations":[{"start":{"line":9,"column":6},"end":{"line":11,"column":35}},{"start":{"line":11,"column":13},"end":{"line":11,"column":35}}],"line":9},"2":{"loc":{"start":{"line":9,"column":10},"end":{"line":9,"column":42}},"type":"binary-expr","locations":[{"start":{"line":9,"column":10},"end":{"line":9,"column":13}},{"start":{"line":9,"column":17},"end":{"line":9,"column":22}},{"start":{"line":9,"column":26},"end":{"line":9,"column":42}}],"line":9},"3":{"loc":{"start":{"line":15,"column":6},"end":{"line":17,"column":7}},"type":"if","locations":[{"start":{"line":15,"column":6},"end":{"line":17,"column":7}},{"start":{},"end":{}}],"line":15},"4":{"loc":{"start":{"line":25,"column":2},"end":{"line":57,"column":3}},"type":"if","locations":[{"start":{"line":25,"column":2},"end":{"line":57,"column":3}},{"start":{"line":55,"column":9},"end":{"line":57,"column":3}}],"line":25},"5":{"loc":{"start":{"line":26,"column":4},"end":{"line":28,"column":37}},"type":"binary-expr","locations":[{"start":{"line":26,"column":4},"end":{"line":26,"column":36}},{"start":{"line":27,"column":4},"end":{"line":27,"column":33}},{"start":{"line":28,"column":4},"end":{"line":28,"column":37}}],"line":26},"6":{"loc":{"start":{"line":30,"column":4},"end":{"line":32,"column":5}},"type":"if","locations":[{"start":{"line":30,"column":4},"end":{"line":32,"column":5}},{"start":{},"end":{}}],"line":30},"7":{"loc":{"start":{"line":34,"column":6},"end":{"line":53,"column":7}},"type":"if","locations":[{"start":{"line":34,"column":6},"end":{"line":53,"column":7}},{"start":{"line":49,"column":13},"end":{"line":53,"column":7}}],"line":34},"8":{"loc":{"start":{"line":46,"column":10},"end":{"line":46,"column":51}},"type":"if","locations":[{"start":{"line":46,"column":10},"end":{"line":46,"column":51}},{"start":{},"end":{}}],"line":46},"9":{"loc":{"start":{"line":50,"column":8},"end":{"line":51,"column":76}},"type":"if","locations":[{"start":{"line":50,"column":8},"end":{"line":51,"column":76}},{"start":{},"end":{}}],"line":50},"10":{"loc":{"start":{"line":62,"column":4},"end":{"line":64,"column":5}},"type":"if","locations":[{"start":{"line":62,"column":4},"end":{"line":64,"column":5}},{"start":{},"end":{}}],"line":62},"11":{"loc":{"start":{"line":73,"column":4},"end":{"line":75,"column":33}},"type":"if","locations":[{"start":{"line":73,"column":4},"end":{"line":75,"column":33}},{"start":{"line":75,"column":11},"end":{"line":75,"column":33}}],"line":73},"12":{"loc":{"start":{"line":73,"column":8},"end":{"line":73,"column":20}},"type":"binary-expr","locations":[{"start":{"line":73,"column":8},"end":{"line":73,"column":11}},{"start":{"line":73,"column":15},"end":{"line":73,"column":20}}],"line":73},"13":{"loc":{"start":{"line":82,"column":4},"end":{"line":90,"column":9}},"type":"if","locations":[{"start":{"line":82,"column":4},"end":{"line":90,"column":9}},{"start":{"line":85,"column":6},"end":{"line":90,"column":9}}],"line":82},"14":{"loc":{"start":{"line":82,"column":8},"end":{"line":82,"column":20}},"type":"binary-expr","locations":[{"start":{"line":82,"column":8},"end":{"line":82,"column":11}},{"start":{"line":82,"column":15},"end":{"line":82,"column":20}}],"line":82},"15":{"loc":{"start":{"line":86,"column":8},"end":{"line":88,"column":9}},"type":"if","locations":[{"start":{"line":86,"column":8},"end":{"line":88,"column":9}},{"start":{},"end":{}}],"line":86}},"s":{"0":3,"1":3,"2":3,"3":0,"4":0,"5":0,"6":0,"7":0,"8":0,"9":0,"10":0,"11":0,"12":0,"13":3,"14":0,"15":0,"16":0,"17":0,"18":0,"19":0,"20":0,"21":0,"22":0,"23":0,"24":0,"25":0,"26":0,"27":0,"28":0,"29":3,"30":0,"31":0,"32":0,"33":0,"34":3,"35":0,"36":0,"37":0,"38":0,"39":0,"40":3,"41":0,"42":0,"43":0,"44":0,"45":0,"46":0,"47":0,"48":0,"49":3},"f":{"0":0,"1":0,"2":0,"3":0,"4":0,"5":0,"6":0,"7":0,"8":0,"9":0,"10":0,"11":0,"12":0},"b":{"0":[0,0],"1":[0,0],"2":[0,0,0],"3":[0,0],"4":[0,0],"5":[0,0,0],"6":[0,0],"7":[0,0],"8":[0,0],"9":[0,0],"10":[0,0],"11":[0,0],"12":[0,0],"13":[0,0],"14":[0,0],"15":[0,0]},"_coverageSchema":"1a1c01bbd47fc00a2c39e90264f33305004495a9","hash":"a8dad100919401fb926534b9786cb1f78eeb0658"}
,"/Users/alessionovel/Desktop/Progetto/github/Web-API/backend/controllers/tokenCheckerFornitore.js": {"path":"/Users/alessionovel/Desktop/Progetto/github/Web-API/backend/controllers/tokenCheckerFornitore.js","statementMap":{"0":{"start":{"line":1,"column":12},"end":{"line":1,"column":35}},"1":{"start":{"line":3,"column":21},"end":{"line":23,"column":1}},"2":{"start":{"line":6,"column":4},"end":{"line":6,"column":70}},"3":{"start":{"line":9,"column":2},"end":{"line":11,"column":3}},"4":{"start":{"line":10,"column":4},"end":{"line":10,"column":54}},"5":{"start":{"line":14,"column":2},"end":{"line":22,"column":5}},"6":{"start":{"line":15,"column":4},"end":{"line":21,"column":5}},"7":{"start":{"line":16,"column":6},"end":{"line":16,"column":67}},"8":{"start":{"line":19,"column":6},"end":{"line":19,"column":35}},"9":{"start":{"line":20,"column":6},"end":{"line":20,"column":13}},"10":{"start":{"line":25,"column":0},"end":{"line":25,"column":30}}},"fnMap":{"0":{"name":"(anonymous_0)","decl":{"start":{"line":3,"column":21},"end":{"line":3,"column":22}},"loc":{"start":{"line":3,"column":47},"end":{"line":23,"column":1}},"line":3},"1":{"name":"(anonymous_1)","decl":{"start":{"line":14,"column":46},"end":{"line":14,"column":47}},"loc":{"start":{"line":14,"column":70},"end":{"line":22,"column":3}},"line":14}},"branchMap":{"0":{"loc":{"start":{"line":6,"column":4},"end":{"line":6,"column":70}},"type":"binary-expr","locations":[{"start":{"line":6,"column":4},"end":{"line":6,"column":18}},{"start":{"line":6,"column":22},"end":{"line":6,"column":37}},{"start":{"line":6,"column":41},"end":{"line":6,"column":70}}],"line":6},"1":{"loc":{"start":{"line":9,"column":2},"end":{"line":11,"column":3}},"type":"if","locations":[{"start":{"line":9,"column":2},"end":{"line":11,"column":3}},{"start":{},"end":{}}],"line":9},"2":{"loc":{"start":{"line":15,"column":4},"end":{"line":21,"column":5}},"type":"if","locations":[{"start":{"line":15,"column":4},"end":{"line":21,"column":5}},{"start":{"line":17,"column":11},"end":{"line":21,"column":5}}],"line":15}},"s":{"0":3,"1":3,"2":0,"3":0,"4":0,"5":0,"6":0,"7":0,"8":0,"9":0,"10":3},"f":{"0":0,"1":0},"b":{"0":[0,0,0],"1":[0,0],"2":[0,0]},"_coverageSchema":"1a1c01bbd47fc00a2c39e90264f33305004495a9","hash":"039e65f08e09c8116bc2e432c8a83cb4f18a641e"}
,"/Users/alessionovel/Desktop/Progetto/github/Web-API/backend/controllers/tokenCheckerUser.js": {"path":"/Users/alessionovel/Desktop/Progetto/github/Web-API/backend/controllers/tokenCheckerUser.js","statementMap":{"0":{"start":{"line":1,"column":12},"end":{"line":1,"column":35}},"1":{"start":{"line":3,"column":21},"end":{"line":23,"column":1}},"2":{"start":{"line":6,"column":4},"end":{"line":6,"column":70}},"3":{"start":{"line":9,"column":2},"end":{"line":11,"column":3}},"4":{"start":{"line":10,"column":4},"end":{"line":10,"column":54}},"5":{"start":{"line":14,"column":2},"end":{"line":22,"column":5}},"6":{"start":{"line":15,"column":4},"end":{"line":21,"column":5}},"7":{"start":{"line":16,"column":6},"end":{"line":16,"column":67}},"8":{"start":{"line":19,"column":6},"end":{"line":19,"column":31}},"9":{"start":{"line":20,"column":6},"end":{"line":20,"column":13}},"10":{"start":{"line":25,"column":0},"end":{"line":25,"column":30}}},"fnMap":{"0":{"name":"(anonymous_0)","decl":{"start":{"line":3,"column":21},"end":{"line":3,"column":22}},"loc":{"start":{"line":3,"column":47},"end":{"line":23,"column":1}},"line":3},"1":{"name":"(anonymous_1)","decl":{"start":{"line":14,"column":46},"end":{"line":14,"column":47}},"loc":{"start":{"line":14,"column":70},"end":{"line":22,"column":3}},"line":14}},"branchMap":{"0":{"loc":{"start":{"line":6,"column":4},"end":{"line":6,"column":70}},"type":"binary-expr","locations":[{"start":{"line":6,"column":4},"end":{"line":6,"column":18}},{"start":{"line":6,"column":22},"end":{"line":6,"column":37}},{"start":{"line":6,"column":41},"end":{"line":6,"column":70}}],"line":6},"1":{"loc":{"start":{"line":9,"column":2},"end":{"line":11,"column":3}},"type":"if","locations":[{"start":{"line":9,"column":2},"end":{"line":11,"column":3}},{"start":{},"end":{}}],"line":9},"2":{"loc":{"start":{"line":15,"column":4},"end":{"line":21,"column":5}},"type":"if","locations":[{"start":{"line":15,"column":4},"end":{"line":21,"column":5}},{"start":{"line":17,"column":11},"end":{"line":21,"column":5}}],"line":15}},"s":{"0":2,"1":2,"2":0,"3":0,"4":0,"5":0,"6":0,"7":0,"8":0,"9":0,"10":2},"f":{"0":0,"1":0},"b":{"0":[0,0,0],"1":[0,0],"2":[0,0]},"_coverageSchema":"1a1c01bbd47fc00a2c39e90264f33305004495a9","hash":"e6d1acc7baf7da3d978ac6c1ef0cf5f264ac9d30"}
,"/Users/alessionovel/Desktop/Progetto/github/Web-API/backend/controllers/utente.js": {"path":"/Users/alessionovel/Desktop/Progetto/github/Web-API/backend/controllers/utente.js","statementMap":{"0":{"start":{"line":1,"column":15},"end":{"line":1,"column":42}},"1":{"start":{"line":2,"column":12},"end":{"line":2,"column":35}},"2":{"start":{"line":3,"column":14},"end":{"line":3,"column":33}},"3":{"start":{"line":9,"column":14},"end":{"line":57,"column":1}},"4":{"start":{"line":10,"column":2},"end":{"line":10,"column":20}},"5":{"start":{"line":11,"column":2},"end":{"line":56,"column":3}},"6":{"start":{"line":13,"column":15},"end":{"line":15,"column":13}},"7":{"start":{"line":18,"column":4},"end":{"line":53,"column":5}},"8":{"start":{"line":19,"column":6},"end":{"line":22,"column":9}},"9":{"start":{"line":26,"column":9},"end":{"line":53,"column":5}},"10":{"start":{"line":27,"column":6},"end":{"line":30,"column":9}},"11":{"start":{"line":33,"column":20},"end":{"line":39,"column":7}},"12":{"start":{"line":40,"column":20},"end":{"line":42,"column":7}},"13":{"start":{"line":43,"column":18},"end":{"line":43,"column":70}},"14":{"start":{"line":45,"column":6},"end":{"line":52,"column":9}},"15":{"start":{"line":55,"column":4},"end":{"line":55,"column":59}},"16":{"start":{"line":59,"column":18},"end":{"line":104,"column":1}},"17":{"start":{"line":60,"column":2},"end":{"line":60,"column":20}},"18":{"start":{"line":61,"column":2},"end":{"line":103,"column":3}},"19":{"start":{"line":67,"column":4},"end":{"line":76,"column":5}},"20":{"start":{"line":71,"column":6},"end":{"line":74,"column":9}},"21":{"start":{"line":75,"column":6},"end":{"line":75,"column":13}},"22":{"start":{"line":78,"column":4},"end":{"line":100,"column":7}},"23":{"start":{"line":81,"column":6},"end":{"line":99,"column":7}},"24":{"start":{"line":83,"column":26},"end":{"line":88,"column":10}},"25":{"start":{"line":90,"column":8},"end":{"line":93,"column":11}},"26":{"start":{"line":91,"column":10},"end":{"line":91,"column":51}},"27":{"start":{"line":91,"column":19},"end":{"line":91,"column":51}},"28":{"start":{"line":92,"column":10},"end":{"line":92,"column":32}},"29":{"start":{"line":96,"column":8},"end":{"line":97,"column":76}},"30":{"start":{"line":97,"column":10},"end":{"line":97,"column":76}},"31":{"start":{"line":98,"column":8},"end":{"line":98,"column":60}},"32":{"start":{"line":102,"column":4},"end":{"line":102,"column":64}},"33":{"start":{"line":105,"column":21},"end":{"line":112,"column":1}},"34":{"start":{"line":106,"column":2},"end":{"line":111,"column":5}},"35":{"start":{"line":107,"column":4},"end":{"line":109,"column":5}},"36":{"start":{"line":108,"column":6},"end":{"line":108,"column":38}},"37":{"start":{"line":110,"column":4},"end":{"line":110,"column":26}},"38":{"start":{"line":115,"column":0},"end":{"line":119,"column":2}}},"fnMap":{"0":{"name":"(anonymous_0)","decl":{"start":{"line":9,"column":14},"end":{"line":9,"column":15}},"loc":{"start":{"line":9,"column":46},"end":{"line":57,"column":1}},"line":9},"1":{"name":"(anonymous_1)","decl":{"start":{"line":59,"column":18},"end":{"line":59,"column":19}},"loc":{"start":{"line":59,"column":38},"end":{"line":104,"column":1}},"line":59},"2":{"name":"(anonymous_2)","decl":{"start":{"line":78,"column":44},"end":{"line":78,"column":45}},"loc":{"start":{"line":78,"column":59},"end":{"line":100,"column":5}},"line":78},"3":{"name":"(anonymous_3)","decl":{"start":{"line":90,"column":23},"end":{"line":90,"column":24}},"loc":{"start":{"line":90,"column":38},"end":{"line":93,"column":9}},"line":90},"4":{"name":"(anonymous_4)","decl":{"start":{"line":105,"column":21},"end":{"line":105,"column":22}},"loc":{"start":{"line":105,"column":41},"end":{"line":112,"column":1}},"line":105},"5":{"name":"(anonymous_5)","decl":{"start":{"line":106,"column":18},"end":{"line":106,"column":19}},"loc":{"start":{"line":106,"column":33},"end":{"line":111,"column":3}},"line":106}},"branchMap":{"0":{"loc":{"start":{"line":11,"column":2},"end":{"line":56,"column":3}},"type":"if","locations":[{"start":{"line":11,"column":2},"end":{"line":56,"column":3}},{"start":{"line":54,"column":9},"end":{"line":56,"column":3}}],"line":11},"1":{"loc":{"start":{"line":11,"column":6},"end":{"line":11,"column":73}},"type":"binary-expr","locations":[{"start":{"line":11,"column":6},"end":{"line":11,"column":36}},{"start":{"line":11,"column":40},"end":{"line":11,"column":73}}],"line":11},"2":{"loc":{"start":{"line":18,"column":4},"end":{"line":53,"column":5}},"type":"if","locations":[{"start":{"line":18,"column":4},"end":{"line":53,"column":5}},{"start":{"line":26,"column":9},"end":{"line":53,"column":5}}],"line":18},"3":{"loc":{"start":{"line":26,"column":9},"end":{"line":53,"column":5}},"type":"if","locations":[{"start":{"line":26,"column":9},"end":{"line":53,"column":5}},{"start":{"line":31,"column":11},"end":{"line":53,"column":5}}],"line":26},"4":{"loc":{"start":{"line":61,"column":2},"end":{"line":103,"column":3}},"type":"if","locations":[{"start":{"line":61,"column":2},"end":{"line":103,"column":3}},{"start":{"line":101,"column":9},"end":{"line":103,"column":3}}],"line":61},"5":{"loc":{"start":{"line":62,"column":4},"end":{"line":65,"column":36}},"type":"binary-expr","locations":[{"start":{"line":62,"column":4},"end":{"line":62,"column":34}},{"start":{"line":63,"column":4},"end":{"line":63,"column":37}},{"start":{"line":64,"column":4},"end":{"line":64,"column":33}},{"start":{"line":65,"column":4},"end":{"line":65,"column":36}}],"line":62},"6":{"loc":{"start":{"line":67,"column":4},"end":{"line":76,"column":5}},"type":"if","locations":[{"start":{"line":67,"column":4},"end":{"line":76,"column":5}},{"start":{},"end":{}}],"line":67},"7":{"loc":{"start":{"line":68,"column":6},"end":{"line":69,"column":47}},"type":"binary-expr","locations":[{"start":{"line":68,"column":6},"end":{"line":68,"column":37}},{"start":{"line":69,"column":6},"end":{"line":69,"column":47}}],"line":68},"8":{"loc":{"start":{"line":81,"column":6},"end":{"line":99,"column":7}},"type":"if","locations":[{"start":{"line":81,"column":6},"end":{"line":99,"column":7}},{"start":{"line":95,"column":13},"end":{"line":99,"column":7}}],"line":81},"9":{"loc":{"start":{"line":91,"column":10},"end":{"line":91,"column":51}},"type":"if","locations":[{"start":{"line":91,"column":10},"end":{"line":91,"column":51}},{"start":{},"end":{}}],"line":91},"10":{"loc":{"start":{"line":96,"column":8},"end":{"line":97,"column":76}},"type":"if","locations":[{"start":{"line":96,"column":8},"end":{"line":97,"column":76}},{"start":{},"end":{}}],"line":96},"11":{"loc":{"start":{"line":107,"column":4},"end":{"line":109,"column":5}},"type":"if","locations":[{"start":{"line":107,"column":4},"end":{"line":109,"column":5}},{"start":{},"end":{}}],"line":107}},"s":{"0":2,"1":2,"2":2,"3":2,"4":0,"5":0,"6":0,"7":0,"8":0,"9":0,"10":0,"11":0,"12":0,"13":0,"14":0,"15":0,"16":2,"17":0,"18":0,"19":0,"20":0,"21":0,"22":0,"23":0,"24":0,"25":0,"26":0,"27":0,"28":0,"29":0,"30":0,"31":0,"32":0,"33":2,"34":0,"35":0,"36":0,"37":0,"38":2},"f":{"0":0,"1":0,"2":0,"3":0,"4":0,"5":0},"b":{"0":[0,0],"1":[0,0],"2":[0,0],"3":[0,0],"4":[0,0],"5":[0,0,0,0],"6":[0,0],"7":[0,0],"8":[0,0],"9":[0,0],"10":[0,0],"11":[0,0]},"_coverageSchema":"1a1c01bbd47fc00a2c39e90264f33305004495a9","hash":"04d39013ee87fbd42a607637605f9d98612b2b4b"}
,"/Users/alessionovel/Desktop/Progetto/github/Web-API/backend/models/acquisto.js": {"path":"/Users/alessionovel/Desktop/Progetto/github/Web-API/backend/models/acquisto.js","statementMap":{"0":{"start":{"line":1,"column":30},"end":{"line":1,"column":49}},"1":{"start":{"line":3,"column":23},"end":{"line":20,"column":2}},"2":{"start":{"line":22,"column":17},"end":{"line":22,"column":59}},"3":{"start":{"line":23,"column":0},"end":{"line":23,"column":26}}},"fnMap":{},"branchMap":{},"s":{"0":2,"1":2,"2":2,"3":2},"f":{},"b":{},"_coverageSchema":"1a1c01bbd47fc00a2c39e90264f33305004495a9","hash":"5c755120b073c2c011ccdcc1ce7c548547157035"}
,"/Users/alessionovel/Desktop/Progetto/github/Web-API/backend/models/feedback.js": {"path":"/Users/alessionovel/Desktop/Progetto/github/Web-API/backend/models/feedback.js","statementMap":{"0":{"start":{"line":1,"column":30},"end":{"line":1,"column":49}},"1":{"start":{"line":3,"column":23},"end":{"line":24,"column":2}},"2":{"start":{"line":26,"column":17},"end":{"line":26,"column":59}},"3":{"start":{"line":27,"column":0},"end":{"line":27,"column":26}}},"fnMap":{},"branchMap":{},"s":{"0":2,"1":2,"2":2,"3":2},"f":{},"b":{},"_coverageSchema":"1a1c01bbd47fc00a2c39e90264f33305004495a9","hash":"ef93d53f5db09dea6e07189b46961b2927114a49"}
,"/Users/alessionovel/Desktop/Progetto/github/Web-API/backend/models/fornitore.js": {"path":"/Users/alessionovel/Desktop/Progetto/github/Web-API/backend/models/fornitore.js","statementMap":{"0":{"start":{"line":1,"column":30},"end":{"line":1,"column":49}},"1":{"start":{"line":3,"column":24},"end":{"line":33,"column":2}},"2":{"start":{"line":35,"column":18},"end":{"line":35,"column":62}},"3":{"start":{"line":36,"column":0},"end":{"line":36,"column":27}}},"fnMap":{},"branchMap":{},"s":{"0":3,"1":3,"2":3,"3":3},"f":{},"b":{},"_coverageSchema":"1a1c01bbd47fc00a2c39e90264f33305004495a9","hash":"9d3f0acb74f6b943666e0ed3eb04000464cd0124"}
,"/Users/alessionovel/Desktop/Progetto/github/Web-API/backend/models/meal.js": {"path":"/Users/alessionovel/Desktop/Progetto/github/Web-API/backend/models/meal.js","statementMap":{"0":{"start":{"line":1,"column":30},"end":{"line":1,"column":49}},"1":{"start":{"line":3,"column":19},"end":{"line":23,"column":2}},"2":{"start":{"line":25,"column":13},"end":{"line":25,"column":47}},"3":{"start":{"line":26,"column":0},"end":{"line":26,"column":22}}},"fnMap":{},"branchMap":{},"s":{"0":3,"1":3,"2":3,"3":3},"f":{},"b":{},"_coverageSchema":"1a1c01bbd47fc00a2c39e90264f33305004495a9","hash":"060fccc71e9bdca16da8c217fce76473609b5598"}
,"/Users/alessionovel/Desktop/Progetto/github/Web-API/backend/models/utente.js": {"path":"/Users/alessionovel/Desktop/Progetto/github/Web-API/backend/models/utente.js","statementMap":{"0":{"start":{"line":1,"column":30},"end":{"line":1,"column":49}},"1":{"start":{"line":3,"column":21},"end":{"line":19,"column":2}},"2":{"start":{"line":21,"column":15},"end":{"line":21,"column":53}},"3":{"start":{"line":22,"column":0},"end":{"line":22,"column":24}}},"fnMap":{},"branchMap":{},"s":{"0":2,"1":2,"2":2,"3":2},"f":{},"b":{},"_coverageSchema":"1a1c01bbd47fc00a2c39e90264f33305004495a9","hash":"1bc5ba54b62fc9063b52a14033f95716e23302ba"}
,"/Users/alessionovel/Desktop/Progetto/github/Web-API/backend/routes/acquisto.js": {"path":"/Users/alessionovel/Desktop/Progetto/github/Web-API/backend/routes/acquisto.js","statementMap":{"0":{"start":{"line":1,"column":16},"end":{"line":1,"column":34}},"1":{"start":{"line":2,"column":27},"end":{"line":2,"column":61}},"2":{"start":{"line":3,"column":25},"end":{"line":3,"column":67}},"3":{"start":{"line":4,"column":16},"end":{"line":4,"column":32}},"4":{"start":{"line":6,"column":0},"end":{"line":6,"column":58}},"5":{"start":{"line":7,"column":0},"end":{"line":7,"column":60}},"6":{"start":{"line":9,"column":0},"end":{"line":9,"column":64}},"7":{"start":{"line":10,"column":0},"end":{"line":10,"column":65}},"8":{"start":{"line":12,"column":0},"end":{"line":12,"column":25}}},"fnMap":{},"branchMap":{},"s":{"0":2,"1":2,"2":2,"3":2,"4":2,"5":2,"6":2,"7":2,"8":2},"f":{},"b":{},"_coverageSchema":"1a1c01bbd47fc00a2c39e90264f33305004495a9","hash":"07ff483bac40333385eefe92146b1a2fd6ba12ee"}
,"/Users/alessionovel/Desktop/Progetto/github/Web-API/backend/routes/feedback.js": {"path":"/Users/alessionovel/Desktop/Progetto/github/Web-API/backend/routes/feedback.js","statementMap":{"0":{"start":{"line":1,"column":16},"end":{"line":1,"column":34}},"1":{"start":{"line":2,"column":27},"end":{"line":2,"column":61}},"2":{"start":{"line":3,"column":25},"end":{"line":3,"column":67}},"3":{"start":{"line":4,"column":16},"end":{"line":4,"column":32}},"4":{"start":{"line":6,"column":0},"end":{"line":6,"column":60}},"5":{"start":{"line":7,"column":0},"end":{"line":7,"column":58}},"6":{"start":{"line":8,"column":0},"end":{"line":8,"column":67}},"7":{"start":{"line":10,"column":0},"end":{"line":10,"column":25}}},"fnMap":{},"branchMap":{},"s":{"0":2,"1":2,"2":2,"3":2,"4":2,"5":2,"6":2,"7":2},"f":{},"b":{},"_coverageSchema":"1a1c01bbd47fc00a2c39e90264f33305004495a9","hash":"217d2241fb761a595c6a6b7eb8019c3613dce099"}
,"/Users/alessionovel/Desktop/Progetto/github/Web-API/backend/routes/fornitore.js": {"path":"/Users/alessionovel/Desktop/Progetto/github/Web-API/backend/routes/fornitore.js","statementMap":{"0":{"start":{"line":1,"column":16},"end":{"line":1,"column":34}},"1":{"start":{"line":2,"column":28},"end":{"line":2,"column":63}},"2":{"start":{"line":3,"column":16},"end":{"line":3,"column":32}},"3":{"start":{"line":5,"column":0},"end":{"line":5,"column":60}},"4":{"start":{"line":6,"column":0},"end":{"line":6,"column":61}},"5":{"start":{"line":7,"column":0},"end":{"line":7,"column":63}},"6":{"start":{"line":8,"column":0},"end":{"line":8,"column":69}},"7":{"start":{"line":10,"column":0},"end":{"line":10,"column":67}},"8":{"start":{"line":11,"column":0},"end":{"line":11,"column":73}},"9":{"start":{"line":13,"column":0},"end":{"line":13,"column":25}}},"fnMap":{},"branchMap":{},"s":{"0":2,"1":2,"2":2,"3":2,"4":2,"5":2,"6":2,"7":2,"8":2,"9":2},"f":{},"b":{},"_coverageSchema":"1a1c01bbd47fc00a2c39e90264f33305004495a9","hash":"850e639dd042d14e303075a6b575f866da1f93a9"}
,"/Users/alessionovel/Desktop/Progetto/github/Web-API/backend/routes/meal.js": {"path":"/Users/alessionovel/Desktop/Progetto/github/Web-API/backend/routes/meal.js","statementMap":{"0":{"start":{"line":1,"column":16},"end":{"line":1,"column":34}},"1":{"start":{"line":2,"column":23},"end":{"line":2,"column":53}},"2":{"start":{"line":3,"column":30},"end":{"line":3,"column":77}},"3":{"start":{"line":4,"column":15},"end":{"line":4,"column":31}},"4":{"start":{"line":6,"column":0},"end":{"line":6,"column":45}},"5":{"start":{"line":7,"column":0},"end":{"line":7,"column":47}},"6":{"start":{"line":8,"column":0},"end":{"line":8,"column":53}},"7":{"start":{"line":10,"column":0},"end":{"line":10,"column":51}},"8":{"start":{"line":11,"column":0},"end":{"line":11,"column":57}},"9":{"start":{"line":13,"column":0},"end":{"line":13,"column":24}}},"fnMap":{},"branchMap":{},"s":{"0":3,"1":3,"2":3,"3":3,"4":3,"5":3,"6":3,"7":3,"8":3,"9":3},"f":{},"b":{},"_coverageSchema":"1a1c01bbd47fc00a2c39e90264f33305004495a9","hash":"cecd8aba7241c83105fbe4c810667080abe19fb9"}
,"/Users/alessionovel/Desktop/Progetto/github/Web-API/backend/routes/utente.js": {"path":"/Users/alessionovel/Desktop/Progetto/github/Web-API/backend/routes/utente.js","statementMap":{"0":{"start":{"line":1,"column":16},"end":{"line":1,"column":34}},"1":{"start":{"line":2,"column":25},"end":{"line":2,"column":57}},"2":{"start":{"line":3,"column":16},"end":{"line":3,"column":32}},"3":{"start":{"line":5,"column":0},"end":{"line":5,"column":54}},"4":{"start":{"line":6,"column":0},"end":{"line":6,"column":52}},"5":{"start":{"line":7,"column":0},"end":{"line":7,"column":54}},"6":{"start":{"line":9,"column":0},"end":{"line":9,"column":25}}},"fnMap":{},"branchMap":{},"s":{"0":2,"1":2,"2":2,"3":2,"4":2,"5":2,"6":2},"f":{},"b":{},"_coverageSchema":"1a1c01bbd47fc00a2c39e90264f33305004495a9","hash":"fe8f243b9d3e2008f9b2b7286778985b2d692d93"}
}
